c:\users\domenico\documents\u\quinto_año\proyecto_de_graduacion\synth\synth\rafx2 winbuild\build\vc142.pdb
c:\users\domenico\documents\u\quinto_año\proyecto_de_graduacion\synth\synth\rafx2 winbuild\build\vc142.idb
c:\users\domenico\documents\u\quinto_año\proyecto_de_graduacion\synth\synth\rafx2 winbuild\build\vstgui_uidescription_win32.obj
c:\users\domenico\documents\u\quinto_año\proyecto_de_graduacion\synth\synth\rafx2 winbuild\build\vstgui_win32.obj
c:\users\domenico\documents\u\quinto_año\proyecto_de_graduacion\synth\synth\rafx2 winbuild\build\customcontrols.obj
c:\users\domenico\documents\u\quinto_año\proyecto_de_graduacion\synth\synth\rafx2 winbuild\build\customviews.obj
c:\users\domenico\documents\u\quinto_año\proyecto_de_graduacion\synth\synth\rafx2 winbuild\build\pluginbase.obj
c:\users\domenico\documents\u\quinto_año\proyecto_de_graduacion\synth\synth\rafx2 winbuild\build\plugingui.obj
c:\users\domenico\documents\u\quinto_año\proyecto_de_graduacion\synth\synth\rafx2 winbuild\build\pluginparameter.obj
c:\users\domenico\documents\u\quinto_año\proyecto_de_graduacion\synth\synth\rafx2 winbuild\build\fxobjects.obj
c:\users\domenico\documents\u\quinto_año\proyecto_de_graduacion\synth\synth\rafx2 winbuild\build\rafx2pluginbase.obj
c:\users\domenico\documents\u\quinto_año\proyecto_de_graduacion\synth\synth\rafx2 winbuild\build\plugincore.obj
c:\users\domenico\documents\u\quinto_año\proyecto_de_graduacion\synth\synth\rafx2 winbuild\build\rafx2plugin.obj
c:\users\domenico\documents\u\quinto_año\proyecto_de_graduacion\synth\synth\rafx2 winbuild\build\rackafxdll.obj
c:\users\domenico\documents\u\quinto_año\proyecto_de_graduacion\synth\synth\rafx2 winbuild\build\synth.pdb
c:\users\domenico\documents\u\quinto_año\proyecto_de_graduacion\synth\synth\rafx2 winbuild\build\pluginguimain.res
c:\users\domenico\documents\u\quinto_año\proyecto_de_graduacion\synth\synth\rafx2 winbuild\build\synth.lib
c:\users\domenico\documents\u\quinto_año\proyecto_de_graduacion\synth\synth\rafx2 winbuild\build\synth.exp
c:\users\domenico\appdata\roaming\rackafx 7.0\plugins\synth.pdb
c:\users\domenico\appdata\roaming\rackafx 7.0\plugins\synth.rafx2
c:\users\domenico\documents\u\quinto_año\proyecto_de_graduacion\synth\synth\rafx2 winbuild\build\synth.tlog\cl.command.1.tlog
c:\users\domenico\documents\u\quinto_año\proyecto_de_graduacion\synth\synth\rafx2 winbuild\build\synth.tlog\cl.read.1.tlog
c:\users\domenico\documents\u\quinto_año\proyecto_de_graduacion\synth\synth\rafx2 winbuild\build\synth.tlog\cl.write.1.tlog
c:\users\domenico\documents\u\quinto_año\proyecto_de_graduacion\synth\synth\rafx2 winbuild\build\synth.tlog\link.command.1.tlog
c:\users\domenico\documents\u\quinto_año\proyecto_de_graduacion\synth\synth\rafx2 winbuild\build\synth.tlog\link.delete.1.tlog
c:\users\domenico\documents\u\quinto_año\proyecto_de_graduacion\synth\synth\rafx2 winbuild\build\synth.tlog\link.read.1.tlog
c:\users\domenico\documents\u\quinto_año\proyecto_de_graduacion\synth\synth\rafx2 winbuild\build\synth.tlog\link.write.1.tlog
c:\users\domenico\documents\u\quinto_año\proyecto_de_graduacion\synth\synth\rafx2 winbuild\build\synth.tlog\rc.command.1.tlog
c:\users\domenico\documents\u\quinto_año\proyecto_de_graduacion\synth\synth\rafx2 winbuild\build\synth.tlog\rc.read.1.tlog
c:\users\domenico\documents\u\quinto_año\proyecto_de_graduacion\synth\synth\rafx2 winbuild\build\synth.tlog\rc.write.1.tlog
c:\users\domenico\documents\u\quinto_año\proyecto_de_graduacion\synth\synth\rafx2 winbuild\build\synth.tlog\synth.write.1u.tlog
